0 info it worked if it ends with ok
1 verbose cli [ '/usr/bin/node', '/usr/bin/npm', 'run', 'docs:dev' ]
2 info using npm@3.5.2
3 info using node@v8.10.0
4 verbose run-script [ 'predocs:dev', 'docs:dev', 'postdocs:dev' ]
5 info lifecycle @~predocs:dev: @
6 silly lifecycle @~predocs:dev: no script for predocs:dev, continuing
7 info lifecycle @~docs:dev: @
8 verbose lifecycle @~docs:dev: unsafe-perm in lifecycle true
9 verbose lifecycle @~docs:dev: PATH: /usr/share/npm/bin/node-gyp-bin:/home/cam/projects/vuepress/node_modules/.bin:/usr/local/sbin:/usr/local/bin:/usr/sbin:/usr/bin:/sbin:/bin:/snap/bin
10 verbose lifecycle @~docs:dev: CWD: /home/cam/projects/vuepress
11 silly lifecycle @~docs:dev: Args: [ '-c', 'vuepress dev docs' ]
12 silly lifecycle @~docs:dev: Returned: code: 1  signal: null
13 info lifecycle @~docs:dev: Failed to exec docs:dev script
14 verbose stack Error: @ docs:dev: `vuepress dev docs`
14 verbose stack Exit status 1
14 verbose stack     at EventEmitter.<anonymous> (/usr/share/npm/lib/utils/lifecycle.js:232:16)
14 verbose stack     at emitTwo (events.js:126:13)
14 verbose stack     at EventEmitter.emit (events.js:214:7)
14 verbose stack     at ChildProcess.<anonymous> (/usr/share/npm/lib/utils/spawn.js:24:14)
14 verbose stack     at emitTwo (events.js:126:13)
14 verbose stack     at ChildProcess.emit (events.js:214:7)
14 verbose stack     at maybeClose (internal/child_process.js:925:16)
14 verbose stack     at Process.ChildProcess._handle.onexit (internal/child_process.js:209:5)
15 verbose pkgid @
16 verbose cwd /home/cam/projects/vuepress
17 error Linux 5.0.0-25-generic
18 error argv "/usr/bin/node" "/usr/bin/npm" "run" "docs:dev"
19 error node v8.10.0
20 error npm  v3.5.2
21 error code ELIFECYCLE
22 error @ docs:dev: `vuepress dev docs`
22 error Exit status 1
23 error Failed at the @ docs:dev script 'vuepress dev docs'.
23 error Make sure you have the latest version of node.js and npm installed.
23 error If you do, this is most likely a problem with the  package,
23 error not with npm itself.
23 error Tell the author that this fails on your system:
23 error     vuepress dev docs
23 error You can get information on how to open an issue for this project with:
23 error     npm bugs
23 error Or if that isn't available, you can get their info via:
23 error     npm owner ls
23 error There is likely additional logging output above.
24 verbose exit [ 1, true ]
